C:\USERS\RACHEL\DESKTOP\ASSIGNMENT4\Q2\HW4Q2CODE\DEBUG\HW4Q2CODE.EXE
C:\USERS\RACHEL\DESKTOP\ASSIGNMENT4\Q2\HW4Q2CODE\DEBUG\HW4Q2CODE.ILK
C:\USERS\RACHEL\DESKTOP\ASSIGNMENT4\Q2\HW4Q2CODE\DEBUG\HW4Q2CODE.PDB
C:\USERS\RACHEL\DESKTOP\ASSIGNMENT4\Q2\HW4Q2CODE\HW4Q2CODE\DEBUG\HW4Q2CODE.EXE
C:\USERS\RACHEL\DESKTOP\ASSIGNMENT4\Q2\HW4Q2CODE\HW4Q2CODE\DEBUG\HW4Q2CODE.EXE.EMBED.MANIFEST
C:\USERS\RACHEL\DESKTOP\ASSIGNMENT4\Q2\HW4Q2CODE\HW4Q2CODE\DEBUG\HW4Q2CODE.EXE.EMBED.MANIFEST.RES
C:\USERS\RACHEL\DESKTOP\ASSIGNMENT4\Q2\HW4Q2CODE\HW4Q2CODE\DEBUG\HW4Q2CODE.EXE.INTERMEDIATE.MANIFEST
C:\USERS\RACHEL\DESKTOP\ASSIGNMENT4\Q2\HW4Q2CODE\HW4Q2CODE\DEBUG\HW4Q2CODE.ILK
C:\USERS\RACHEL\DESKTOP\ASSIGNMENT4\Q2\HW4Q2CODE\HW4Q2CODE\DEBUG\HW4Q2CODE.PDB
C:\Users\Rachel\Desktop\Assignment4\q2\Hw4Q2Code\Hw4Q2Code\Debug\Hw4Q2Code_manifest.rc
C:\Users\Rachel\Desktop\Assignment4\q2\Hw4Q2Code\Hw4Q2Code\Debug\kernel.cu.cache
C:\Users\Rachel\Desktop\Assignment4\q2\Hw4Q2Code\Hw4Q2Code\Debug\kernel.cu.obj
C:\Users\Rachel\Desktop\Assignment4\q2\Hw4Q2Code\Hw4Q2Code\Debug\link.3636.read.1.tlog
C:\Users\Rachel\Desktop\Assignment4\q2\Hw4Q2Code\Hw4Q2Code\Debug\link.3636.write.1.tlog
C:\Users\Rachel\Desktop\Assignment4\q2\Hw4Q2Code\Hw4Q2Code\Debug\link.3636-cvtres.read.1.tlog
C:\Users\Rachel\Desktop\Assignment4\q2\Hw4Q2Code\Hw4Q2Code\Debug\link.3636-cvtres.write.1.tlog
C:\Users\Rachel\Desktop\Assignment4\q2\Hw4Q2Code\Hw4Q2Code\Debug\link.command.1.tlog
C:\Users\Rachel\Desktop\Assignment4\q2\Hw4Q2Code\Hw4Q2Code\Debug\link.read.1.tlog
C:\Users\Rachel\Desktop\Assignment4\q2\Hw4Q2Code\Hw4Q2Code\Debug\link.write.1.tlog
C:\Users\Rachel\Desktop\Assignment4\q2\Hw4Q2Code\Hw4Q2Code\Debug\link-cvtres.read.1.tlog
C:\Users\Rachel\Desktop\Assignment4\q2\Hw4Q2Code\Hw4Q2Code\Debug\link-cvtres.write.1.tlog
C:\Users\Rachel\Desktop\Assignment4\q2\Hw4Q2Code\Hw4Q2Code\Debug\mt.command.1.tlog
C:\Users\Rachel\Desktop\Assignment4\q2\Hw4Q2Code\Hw4Q2Code\Debug\mt.read.1.tlog
C:\Users\Rachel\Desktop\Assignment4\q2\Hw4Q2Code\Hw4Q2Code\Debug\mt.write.1.tlog
C:\Users\Rachel\Desktop\Assignment4\q2\Hw4Q2Code\Hw4Q2Code\Debug\rc.command.1.tlog
C:\Users\Rachel\Desktop\Assignment4\q2\Hw4Q2Code\Hw4Q2Code\Debug\rc.read.1.tlog
C:\Users\Rachel\Desktop\Assignment4\q2\Hw4Q2Code\Hw4Q2Code\Debug\rc.write.1.tlog
