Build started 6/6/2011 1:16:46 PM.
     1>Project "C:\Users\Rachel\Desktop\Assignment4\q2\Hw4Q2Code\Hw4Q2Code\Hw4Q2Code.vcxproj" on node 2 (build target(s)).
     1>InitializeBuildStatus:
         Creating "Release\Hw4Q2Code.unsuccessfulbuild" because "AlwaysCreate" was specified.
       AddCudaCompileDeps:
         C:\Program Files (x86)\Microsoft Visual Studio 10.0\VC\bin\cl.exe /E /nologo /showIncludes /TP /I"C:\Program Files\NVIDIA GPU Computing Toolkit\CUDA\v4.0\bin" /I"C:\Program Files\NVIDIA GPU Computing Toolkit\CUDA\v4.0\include" /I. /FIcuda_runtime.h /c C:\Users\Rachel\Desktop\Assignment4\q2\Hw4Q2Code\Hw4Q2Code\kernel.cu 
       AddCudaCompilePropsDeps:
       Skipping target "AddCudaCompilePropsDeps" because all output files are up-to-date with respect to the input files.
       CudaBuild:
         Compiling CUDA source file kernel.cu...
         cmd.exe /C "C:\Users\Rachel\AppData\Local\Temp\119accf28155454fa7750f8d8eb870de.cmd"
         "C:\Program Files\NVIDIA GPU Computing Toolkit\CUDA\v4.0\bin\nvcc.exe" -gencode=arch=compute_10,code=\"sm_10,compute_10\" --use-local-env --cl-version 2010 -ccbin "C:\Program Files (x86)\Microsoft Visual Studio 10.0\VC\bin"  -I"C:\Program Files\NVIDIA GPU Computing Toolkit\CUDA\v4.0\include"    --keep-dir "Release" -maxrregcount=0  --machine 32 --compile      -Xcompiler "/EHsc /nologo /Od /Zi  /MD " -o "Release\kernel.cu.obj" "C:\Users\Rachel\Desktop\Assignment4\q2\Hw4Q2Code\Hw4Q2Code\kernel.cu"
         
         C:\Users\Rachel\Desktop\Assignment4\q2\Hw4Q2Code\Hw4Q2Code>"C:\Program Files\NVIDIA GPU Computing Toolkit\CUDA\v4.0\bin\nvcc.exe" -gencode=arch=compute_10,code=\"sm_10,compute_10\" --use-local-env --cl-version 2010 -ccbin "C:\Program Files (x86)\Microsoft Visual Studio 10.0\VC\bin"  -I"C:\Program Files\NVIDIA GPU Computing Toolkit\CUDA\v4.0\include"    --keep-dir "Release" -maxrregcount=0  --machine 32 --compile      -Xcompiler "/EHsc /nologo /Od /Zi  /MD " -o "Release\kernel.cu.obj" "C:\Users\Rachel\Desktop\Assignment4\q2\Hw4Q2Code\Hw4Q2Code\kernel.cu" 
         kernel.cu
         tmpxft_00000ef0_00000000-0_kernel.cudafe1.gpu
         tmpxft_00000ef0_00000000-5_kernel.cudafe2.gpu
         kernel.cu
         tmpxft_00000ef0_00000000-0_kernel.cudafe1.cpp
         tmpxft_00000ef0_00000000-11_kernel.ii
       ManifestResourceCompile:
         All outputs are up-to-date.
         C:\Program Files (x86)\Microsoft SDKs\Windows\v7.0A\bin\rc.exe /nologo /fo"Release\Hw4Q2Code.exe.embed.manifest.res" Release\Hw4Q2Code_manifest.rc 
       Link:
         C:\Program Files (x86)\Microsoft Visual Studio 10.0\VC\bin\link.exe /ERRORREPORT:PROMPT /OUT:"C:\Users\Rachel\Desktop\Assignment4\q2\Hw4Q2Code\Release\Hw4Q2Code.exe" /INCREMENTAL /NOLOGO /LIBPATH:"C:\Program Files\NVIDIA GPU Computing Toolkit\CUDA\v4.0\lib\Win32" cudart.lib kernel32.lib user32.lib gdi32.lib winspool.lib comdlg32.lib advapi32.lib shell32.lib ole32.lib oleaut32.lib uuid.lib odbc32.lib odbccp32.lib kernel32.lib user32.lib gdi32.lib winspool.lib comdlg32.lib advapi32.lib shell32.lib ole32.lib oleaut32.lib uuid.lib odbc32.lib odbccp32.lib /MANIFEST /ManifestFile:"Release\Hw4Q2Code.exe.intermediate.manifest" /MANIFESTUAC:"level='asInvoker' uiAccess='false'" /DEBUG /PDB:"C:\Users\Rachel\Desktop\Assignment4\q2\Hw4Q2Code\Release\Hw4Q2Code.pdb" /SUBSYSTEM:CONSOLE /OPT:REF /OPT:ICF /LTCG /TLBID:1 /DYNAMICBASE /NXCOMPAT /IMPLIB:"C:\Users\Rachel\Desktop\Assignment4\q2\Hw4Q2Code\Release\Hw4Q2Code.lib" /MACHINE:X86 Release\kernel.cu.obj
         Release\Hw4Q2Code.exe.embed.manifest.res
     1>LINK : warning LNK4075: ignoring '/INCREMENTAL' due to '/LTCG' specification
         LINK : /LTCG specified but no code generation required; remove /LTCG from the link command line to improve linker performance
       Manifest:
         C:\Program Files (x86)\Microsoft SDKs\Windows\v7.0A\bin\mt.exe /nologo /verbose /out:"Release\Hw4Q2Code.exe.embed.manifest" /manifest Release\Hw4Q2Code.exe.intermediate.manifest
         All outputs are up-to-date.
       LinkEmbedManifest:
         All outputs are up-to-date.
         Hw4Q2Code.vcxproj -> C:\Users\Rachel\Desktop\Assignment4\q2\Hw4Q2Code\Release\Hw4Q2Code.exe
       PostBuildEvent:
         echo copy "C:\Program Files\NVIDIA GPU Computing Toolkit\CUDA\v4.0\bin\cudart*.dll" "C:\Users\Rachel\Desktop\Assignment4\q2\Hw4Q2Code\Release\"
         copy "C:\Program Files\NVIDIA GPU Computing Toolkit\CUDA\v4.0\bin\cudart*.dll" "C:\Users\Rachel\Desktop\Assignment4\q2\Hw4Q2Code\Release\"
         :VCEnd
         copy "C:\Program Files\NVIDIA GPU Computing Toolkit\CUDA\v4.0\bin\cudart*.dll" "C:\Users\Rachel\Desktop\Assignment4\q2\Hw4Q2Code\Release\"
         C:\Program Files\NVIDIA GPU Computing Toolkit\CUDA\v4.0\bin\cudart32_40_17.dll
         C:\Program Files\NVIDIA GPU Computing Toolkit\CUDA\v4.0\bin\cudart64_40_17.dll
                 2 file(s) copied.
       FinalizeBuildStatus:
         Deleting file "Release\Hw4Q2Code.unsuccessfulbuild".
         Touching "Release\Hw4Q2Code.lastbuildstate".
     1>Done Building Project "C:\Users\Rachel\Desktop\Assignment4\q2\Hw4Q2Code\Hw4Q2Code\Hw4Q2Code.vcxproj" (build target(s)).

Build succeeded.

Time Elapsed 00:00:10.84
